<?xml version="1.0" encoding="UTF-8"?>
<!-- Generated by org.testng.reporters.JUnitReportReporter -->
<testsuite skipped="0" hostname="Bharat_B_J" name="testNG.DemoA" tests="2" failures="0" timestamp="26 Nov 2020 04:27:38 GMT" time="0.046" errors="0">
  <testcase name="testB" time="0.008" classname="testNG.DemoA"/>
  <testcase name="testA" time="0.038" classname="testNG.DemoA"/>
</testsuite> <!-- testNG.DemoA -->
