<?xml version="1.0" encoding="UTF-8"?>
<!-- Generated by org.testng.reporters.JUnitReportReporter -->
<testsuite skipped="0" hostname="Bharat_B_J" name="gt.DemoB" tests="1" failures="0" timestamp="18 Dec 2020 08:46:11 GMT" time="54.402" errors="0">
  <testcase name="validLoginTest" time="54.402" classname="gt.DemoB"/>
</testsuite> <!-- gt.DemoB -->
