<?xml version="1.0" encoding="UTF-8"?>
<!-- Generated by org.testng.reporters.JUnitReportReporter -->
<testsuite skipped="0" hostname="Bharat_B_J" name="com.Qspi.MavaenProject.Demo" tests="1" failures="0" timestamp="25 Dec 2020 13:45:20 GMT" time="30.049" errors="0">
  <testcase name="test" time="30.049" classname="com.Qspi.MavaenProject.Demo"/>
</testsuite> <!-- com.Qspi.MavaenProject.Demo -->
