<?xml version="1.0" encoding="UTF-8"?>
<!-- Generated by org.testng.reporters.JUnitReportReporter -->
<testsuite skipped="0" hostname="Bharat_B_J" name="com.Qspi.MavaenProject.Demo" tests="1" failures="0" timestamp="25 Dec 2020 07:58:41 GMT" time="96.642" errors="0">
  <testcase name="test" time="96.642" classname="com.Qspi.MavaenProject.Demo"/>
</testsuite> <!-- com.Qspi.MavaenProject.Demo -->
